Array
(
    [Filename] => 4757871490258835.jpg
    [token] => bfde2a6e9b5b25c9350d3bc66641926e
    [YCFS] => 5909c6a910eac
    [timestamp] => 1493813006
    [Upload] => Submit Query
)
Array
(
)
Array
(
)
Array
(
)
Array
(
)
Array
(
)
Array
(
)
Array
(
)
Array
(
)
Array
(
)
Array
(
)
Array
(
)
Array
(
)
Array
(
)
Array
(
)
Array
(
)
Array
(
)
Array
(
)
Array
(
)
Array
(
)
Array
(
)
Array
(
)
Array
(
)
Array
(
)
Array
(
)
Array
(
)
Array
(
    [id] => 7
)
Array
(
    [id] => 21
)
Array
(
)
Array
(
    [id] => 16
)
Array
(
)
Array
(
    [id] => 9
)
Array
(
)
Array
(
)
Array
(
    [id] => 13
)
Array
(
)
Array
(
    [id] => 23
)
Array
(
    [id] => about-us
)
Array
(
    [id] => 1
)
Array
(
)
Array
(
    [id] => 17
)
Array
(
)
Array
(
)
Array
(
)
Array
(
)
Array
(
)
Array
(
)
Array
(
)
Array
(
)
Array
(
)
Array
(
)
Array
(
)
Array
(
)
Array
(
)
Array
(
)
Array
(
)
Array
(
)
Array
(
)
Array
(
)
Array
(
)
Array
(
)
Array
(
)
Array
(
)
Array
(
    [method] => member.login
    [form_hash] => 1d719b0f3ddfd48a
    [login_id] => 13312341234
    [login_pwd] => 123123
)
Array
(
)
Array
(
)
Array
(
)
Array
(
)
Array
(
)
Array
(
)
Array
(
)
Array
(
)
Array
(
)
Array
(
)
Array
(
)
Array
(
)
Array
(
)
Array
(
)
Array
(
)
Array
(
    [id] => 1
)
Array
(
)
Array
(
)
Array
(
)
Array
(
)
Array
(
)
Array
(
)
Array
(
)
Array
(
)
Array
(
)
Array
(
)
Array
(
)
Array
(
    [callback] => http://www.tsuzhao.com/admin
)
Array
(
)
Array
(
)
Array
(
    [loginId] => admin
    [loginPwd] => admin
)
Array
(
)
Array
(
)
Array
(
)
Array
(
)
Array
(
)
Array
(
)
Array
(
)
Array
(
)
Array
(
)
Array
(
)
Array
(
    [id] => 1
)
Array
(
    [rules] => Array
        (
            [0] => 2
            [1] => 7
            [2] => 8
            [3] => 9
            [4] => 10
            [5] => 11
            [6] => 12
            [7] => 28
            [8] => 30
            [9] => 31
            [10] => 32
            [11] => 33
            [12] => 34
            [13] => 35
            [14] => 36
            [15] => 37
            [16] => 38
            [17] => 39
            [18] => 40
            [19] => 41
            [20] => 42
            [21] => 43
            [22] => 44
            [23] => 45
        )

    [id] => 1
)
Array
(
)
Array
(
)
Array
(
)
Array
(
)
Array
(
)
Array
(
)
Array
(
    [id] => 4
    [action] => operation
)
Array
(
    [id] => 4
    [certification_status] => 1
)
Array
(
)
Array
(
)
Array
(
)
Array
(
)
Array
(
    [id] => 4
)
Array
(
)
Array
(
    [id] => 4
)
Array
(
)
Array
(
    [id] => 2
)
Array
(
)
Array
(
    [id] => 1
)
Array
(
)
Array
(
    [id] => 2
)
Array
(
)
Array
(
)
Array
(
)
Array
(
)
Array
(
    [id] => 4
)
Array
(
)
Array
(
)
Array
(
)
Array
(
)
Array
(
    [Filename] => boy-2.png
    [timestamp] => 1493863101
    [token] => efc066a9a8d020e43b44f1806262910f
    [YCFS] => 590a7ecf9f9fb
    [Upload] => Submit Query
)
Array
(
)
Array
(
)
Array
(
)
Array
(
    [Filename] => boy-3.png
    [timestamp] => 1493863115
    [token] => d22999d592a90bff679b7fff9763451e
    [YCFS] => 590a7ecf9f9fb
    [Upload] => Submit Query
)
Array
(
)
Array
(
)
Array
(
)
Array
(
    [Filename] => boy.png
    [timestamp] => 1493863131
    [token] => c1b749abdfc64a7514f7871196727d4d
    [YCFS] => 590a7ecf9f9fb
    [Upload] => Submit Query
)
Array
(
    [Filename] => boy.png
    [timestamp] => 1493863131
    [token] => c1b749abdfc64a7514f7871196727d4d
    [YCFS] => 590a7ecf9f9fb
    [Upload] => Submit Query
)
Array
(
)
Array
(
)
Array
(
)
Array
(
)
Array
(
)
Array
(
)
Array
(
)
Array
(
)
Array
(
)
Array
(
)
Array
(
)
Array
(
)
Array
(
)
Array
(
)
Array
(
)
Array
(
)
Array
(
)
Array
(
)
Array
(
)
Array
(
)
Array
(
)
Array
(
)
Array
(
)
Array
(
)
Array
(
)
Array
(
)
Array
(
)
Array
(
)
Array
(
)
Array
(
)
Array
(
)
Array
(
)
Array
(
)
Array
(
)
Array
(
)
Array
(
)
Array
(
)
Array
(
)
Array
(
)
Array
(
)
Array
(
)
Array
(
)
Array
(
)
Array
(
)
Array
(
)
Array
(
)
Array
(
)
Array
(
)
Array
(
)
Array
(
)
Array
(
)
Array
(
)
Array
(
)
Array
(
)
Array
(
)
Array
(
)
Array
(
)
Array
(
)
Array
(
)
Array
(
)
Array
(
)
Array
(
)
Array
(
)
Array
(
)
Array
(
)
Array
(
)
Array
(
)
Array
(
)
Array
(
)
Array
(
)
Array
(
)
Array
(
)
Array
(
)
Array
(
)
Array
(
)
Array
(
)
Array
(
)
Array
(
)
Array
(
)
Array
(
)
Array
(
)
Array
(
)
Array
(
)
Array
(
)
